<?xml version="1.0" encoding="UTF-8"?>
<!-- Generated by org.testng.reporters.JUnitReportReporter -->
<testsuite hostname="DESKTOP-RROJRLR" failures="0" tests="1" name="PaymentFormTest" time="3.072" errors="0" timestamp="2025-06-18T10:29:24 MSK" skipped="0">
  <testcase classname="PaymentFormTest" name="testForm" time="3.072"/>
  <system-out/>
</testsuite> <!-- PaymentFormTest -->
