<?xml version="1.0" encoding="UTF-8"?>
<!-- Generated by org.testng.reporters.JUnitReportReporter -->
<testsuite hostname="DESKTOP-RROJRLR" failures="0" tests="1" name="tests.BlockTitleTest" time="6.370" errors="0" timestamp="2025-06-23T01:53:39 MSK" skipped="0">
  <testcase classname="tests.BlockTitleTest" name="testTitle" time="6.370"/>
  <system-out/>
</testsuite> <!-- tests.BlockTitleTest -->
