<?xml version="1.0" encoding="UTF-8"?>
<!-- Generated by org.testng.reporters.JUnitReportReporter -->
<testsuite hostname="DESKTOP-RROJRLR" failures="0" tests="1" name="tests.PaymentLogosTest" time="5.004" errors="0" timestamp="2025-06-23T01:53:39 MSK" skipped="0">
  <testcase classname="tests.PaymentLogosTest" name="testLogos" time="5.004"/>
  <system-out/>
</testsuite> <!-- tests.PaymentLogosTest -->
