<?xml version="1.0" encoding="UTF-8"?>
<!-- Generated by org.testng.reporters.JUnitReportReporter -->
<testsuite hostname="DESKTOP-RROJRLR" failures="0" tests="1" name="PaymentLogosTest" time="0.083" errors="0" timestamp="2025-06-18T10:29:24 MSK" skipped="0">
  <testcase classname="PaymentLogosTest" name="testLogos" time="0.083"/>
  <system-out/>
</testsuite> <!-- PaymentLogosTest -->
